{
  "timestamp": "2025-08-11T05:47:10.118935",
  "test_level": "unit",
  "configuration": {
    "description": "Unit tests for isolated components (1-2 minutes)",
    "purpose": "Development validation, component testing",
    "backend_args": [
      "--category",
      "unit",
      "-v"
    ],
    "frontend_args": [
      "--testPathPattern=unit"
    ],
    "timeout": 120,
    "run_coverage": false,
    "run_both": true
  },
  "results": {
    "backend": {
      "status": "failed",
      "duration": 5.943312644958496,
      "exit_code": 4,
      "output": "================================================================================\nNETRA AI PLATFORM - BACKEND TEST RUNNER\n================================================================================\nTest Configuration:\n  Category: unit\n  Parallel: disabled\n  Coverage: disabled\n  Fail Fast: disabled\n  Environment: testing\n\nRunning command:\n  pytest app/tests/services app/tests/core app/tests/utils -vv --tb=short --asyncio-mode=auto --color=yes --strict-markers --disable-warnings -p no:warnings\n================================================================================\n\u001b[1m============================= test session starts =============================\u001b[0m\nplatform win32 -- Python 3.12.4, pytest-8.3.2, pluggy-1.5.0 -- C:\\Users\\antho\\miniconda3\\python.exe\ncachedir: .pytest_cache\nmetadata: {'Python': '3.12.4', 'Platform': 'Windows-11-10.0.26100-SP0', 'Packages': {'pytest': '8.3.2', 'pluggy': '1.5.0'}, 'Plugins': {'anyio': '4.9.0', 'Faker': '37.4.2', 'langsmith': '0.4.10', 'asyncio': '1.1.0', 'cov': '6.2.1', 'html': '4.1.1', 'json-report': '1.5.0', 'metadata': '3.1.1', 'mock': '3.14.1', 'timeout': '2.4.0', 'xdist': '3.8.0', 'typeguard': '4.4.4'}}\nrootdir: C:\\Users\\antho\\OneDrive\\Desktop\\Netra\\netra-core-generation-1\\app\nconfigfile: pytest.ini\nplugins: anyio-4.9.0, Faker-37.4.2, langsmith-0.4.10, asyncio-1.1.0, cov-6.2.1, html-4.1.1, json-report-1.5.0, metadata-3.1.1, mock-3.14.1, timeout-2.4.0, xdist-3.8.0, typeguard-4.4.4\nasyncio: mode=Mode.AUTO, asyncio_default_fixture_loop_scope=function, asyncio_default_test_loop_scope=function\n\u001b[1mcollecting ... \u001b[0mcollected 0 items\n\n\u001b[33m============================ \u001b[33mno tests ran\u001b[0m\u001b[33m in 0.01s\u001b[0m\u001b[33m ============================\u001b[0m\n================================================================================\n[FAIL] TESTS FAILED with exit code 4 after 5.22s\n================================================================================\n\nERROR: file or directory not found: app/tests/utils\n\n"
    },
    "frontend": {
      "status": "failed",
      "duration": 0.10387206077575684,
      "exit_code": 2,
      "output": "\nusage: test_frontend.py [-h]\n                        [--category {unit,integration,components,hooks,store,websocket,auth,e2e,smoke}]\n                        [--keyword KEYWORD] [--e2e] [--cypress-open] [--watch]\n                        [--coverage] [--update-snapshots] [--lint] [--fix]\n                        [--type-check] [--build] [--check-deps]\n                        [--install-deps] [--verbose] [--isolation]\n                        [tests ...]\ntest_frontend.py: error: unrecognized arguments: --testPathPattern=unit\n"
    },
    "overall": {
      "status": "failed",
      "start_time": 1754916424.0717509,
      "end_time": 1754916430.1189356
    }
  },
  "summary": {
    "total_duration": 6.047184705734253,
    "overall_passed": false,
    "exit_code": 4
  }
}