{
  "timestamp": "2025-08-11T06:55:02.496630",
  "test_level": "unit",
  "configuration": {
    "description": "Unit tests for isolated components (1-2 minutes)",
    "purpose": "Development validation, component testing",
    "backend_args": [
      "--category",
      "unit",
      "-v"
    ],
    "frontend_args": [
      "--testPathPattern=unit"
    ],
    "timeout": 120,
    "run_coverage": false,
    "run_both": true
  },
  "results": {
    "backend": {
      "status": "failed",
      "duration": 3.373483896255493,
      "exit_code": 1,
      "output": "================================================================================\nNETRA AI PLATFORM - BACKEND TEST RUNNER\n================================================================================\nTest Configuration:\n  Category: unit\n  Parallel: disabled\n  Coverage: disabled\n  Fail Fast: disabled\n  Environment: testing\n\nRunning command:\n  pytest app/tests/services app/tests/core -vv --tb=short --asyncio-mode=auto --color=yes --strict-markers --disable-warnings -p no:warnings\n================================================================================\n\nTraceback (most recent call last):\n  File \"C:\\Users\\antho\\miniconda3\\Lib\\site-packages\\langsmith\\schemas.py\", line 21, in <module>\n    from pydantic.v1 import (\n  File \"C:\\Users\\antho\\AppData\\Roaming\\Python\\Python312\\site-packages\\pydantic\\__init__.py\", line 5, in <module>\n    from ._migration import getattr_migration\n  File \"C:\\Users\\antho\\AppData\\Roaming\\Python\\Python312\\site-packages\\pydantic\\_migration.py\", line 4, in <module>\n    from .version import version_short\n  File \"C:\\Users\\antho\\AppData\\Roaming\\Python\\Python312\\site-packages\\pydantic\\version.py\", line 5, in <module>\n    from pydantic_core import __version__ as __pydantic_core_version__\n  File \"C:\\Users\\antho\\AppData\\Roaming\\Python\\Python312\\site-packages\\pydantic_core\\__init__.py\", line 6, in <module>\n    from ._pydantic_core import (\nImportError: DLL load failed while importing _pydantic_core: The handle is invalid.\n\nDuring handling of the above exception, another exception occurred:\n\nTraceback (most recent call last):\n  File \"C:\\Users\\antho\\OneDrive\\Desktop\\Netra\\netra-core-generation-1\\scripts\\test_backend.py\", line 463, in <module>\n    main()\n  File \"C:\\Users\\antho\\OneDrive\\Desktop\\Netra\\netra-core-generation-1\\scripts\\test_backend.py\", line 457, in main\n    exit_code = run_tests(pytest_args, args, isolation_manager)\n                ^^^^^^^^^^^^^^^^^^^^^^^^^^^^^^^^^^^^^^^^^^^^^^^\n  File \"C:\\Users\\antho\\OneDrive\\Desktop\\Netra\\netra-core-generation-1\\scripts\\test_backend.py\", line 277, in run_tests\n    exit_code = pytest.main(pytest_args)\n                ^^^^^^^^^^^^^^^^^^^^^^^^\n  File \"C:\\Users\\antho\\AppData\\Roaming\\Python\\Python312\\site-packages\\_pytest\\config\\__init__.py\", line 156, in main\n    config = _prepareconfig(args, plugins)\n             ^^^^^^^^^^^^^^^^^^^^^^^^^^^^^\n  File \"C:\\Users\\antho\\AppData\\Roaming\\Python\\Python312\\site-packages\\_pytest\\config\\__init__.py\", line 341, in _prepareconfig\n    config = pluginmanager.hook.pytest_cmdline_parse(\n             ^^^^^^^^^^^^^^^^^^^^^^^^^^^^^^^^^^^^^^^^\n  File \"C:\\Users\\antho\\AppData\\Roaming\\Python\\Python312\\site-packages\\pluggy\\_hooks.py\", line 513, in __call__\n    return self._hookexec(self.name, self._hookimpls.copy(), kwargs, firstresult)\n           ^^^^^^^^^^^^^^^^^^^^^^^^^^^^^^^^^^^^^^^^^^^^^^^^^^^^^^^^^^^^^^^^^^^^^^\n  File \"C:\\Users\\antho\\AppData\\Roaming\\Python\\Python312\\site-packages\\pluggy\\_manager.py\", line 120, in _hookexec\n    return self._inner_hookexec(hook_name, methods, kwargs, firstresult)\n           ^^^^^^^^^^^^^^^^^^^^^^^^^^^^^^^^^^^^^^^^^^^^^^^^^^^^^^^^^^^^^\n  File \"C:\\Users\\antho\\AppData\\Roaming\\Python\\Python312\\site-packages\\pluggy\\_callers.py\", line 139, in _multicall\n    raise exception.with_traceback(exception.__traceback__)\n  File \"C:\\Users\\antho\\AppData\\Roaming\\Python\\Python312\\site-packages\\pluggy\\_callers.py\", line 122, in _multicall\n    teardown.throw(exception)  # type: ignore[union-attr]\n    ^^^^^^^^^^^^^^^^^^^^^^^^^\n  File \"C:\\Users\\antho\\AppData\\Roaming\\Python\\Python312\\site-packages\\_pytest\\helpconfig.py\", line 105, in pytest_cmdline_parse\n    config = yield\n             ^^^^^\n  File \"C:\\Users\\antho\\AppData\\Roaming\\Python\\Python312\\site-packages\\pluggy\\_callers.py\", line 103, in _multicall\n    res = hook_impl.function(*args)\n          ^^^^^^^^^^^^^^^^^^^^^^^^^\n  File \"C:\\Users\\antho\\AppData\\Roaming\\Python\\Python312\\site-packages\\_pytest\\config\\__init__.py\", line 1140, in pytest_cmdline_parse\n    self.parse(args)\n  File \"C:\\Users\\antho\\AppData\\Roaming\\Python\\Python312\\site-packages\\_pytest\\config\\__init__.py\", line 1490, in parse\n    self._preparse(args, addopts=addopts)\n  File \"C:\\Users\\antho\\AppData\\Roaming\\Python\\Python312\\site-packages\\_pytest\\config\\__init__.py\", line 1377, in _preparse\n    self.pluginmanager.load_setuptools_entrypoints(\"pytest11\")\n  File \"C:\\Users\\antho\\AppData\\Roaming\\Python\\Python312\\site-packages\\pluggy\\_manager.py\", line 421, in load_setuptools_entrypoints\n    plugin = ep.load()\n             ^^^^^^^^^\n  File \"C:\\Users\\antho\\miniconda3\\Lib\\importlib\\metadata\\__init__.py\", line 205, in load\n    module = import_module(match.group('module'))\n             ^^^^^^^^^^^^^^^^^^^^^^^^^^^^^^^^^^^^\n  File \"C:\\Users\\antho\\miniconda3\\Lib\\importlib\\__init__.py\", line 90, in import_module\n    return _bootstrap._gcd_import(name[level:], package, level)\n           ^^^^^^^^^^^^^^^^^^^^^^^^^^^^^^^^^^^^^^^^^^^^^^^^^^^^\n  File \"<frozen importlib._bootstrap>\", line 1387, in _gcd_import\n  File \"<frozen importlib._bootstrap>\", line 1360, in _find_and_load\n  File \"<frozen importlib._bootstrap>\", line 1331, in _find_and_load_unlocked\n  File \"<frozen importlib._bootstrap>\", line 935, in _load_unlocked\n  File \"C:\\Users\\antho\\AppData\\Roaming\\Python\\Python312\\site-packages\\_pytest\\assertion\\rewrite.py\", line 174, in exec_module\n    exec(co, module.__dict__)\n  File \"C:\\Users\\antho\\miniconda3\\Lib\\site-packages\\langsmith\\pytest_plugin.py\", line 14, in <module>\n    from langsmith import utils as ls_utils\n  File \"C:\\Users\\antho\\AppData\\Roaming\\Python\\Python312\\site-packages\\_pytest\\assertion\\rewrite.py\", line 174, in exec_module\n    exec(co, module.__dict__)\n  File \"C:\\Users\\antho\\miniconda3\\Lib\\site-packages\\langsmith\\utils.py\", line 36, in <module>\n    from langsmith import schemas as ls_schemas\n  File \"C:\\Users\\antho\\AppData\\Roaming\\Python\\Python312\\site-packages\\_pytest\\assertion\\rewrite.py\", line 174, in exec_module\n    exec(co, module.__dict__)\n  File \"C:\\Users\\antho\\miniconda3\\Lib\\site-packages\\langsmith\\schemas.py\", line 30, in <module>\n    from pydantic import (  # type: ignore[assignment]\n  File \"C:\\Users\\antho\\AppData\\Roaming\\Python\\Python312\\site-packages\\pydantic\\__init__.py\", line 5, in <module>\n    from ._migration import getattr_migration\n  File \"C:\\Users\\antho\\AppData\\Roaming\\Python\\Python312\\site-packages\\pydantic\\_migration.py\", line 4, in <module>\n    from .version import version_short\n  File \"C:\\Users\\antho\\AppData\\Roaming\\Python\\Python312\\site-packages\\pydantic\\version.py\", line 5, in <module>\n    from pydantic_core import __version__ as __pydantic_core_version__\n  File \"C:\\Users\\antho\\AppData\\Roaming\\Python\\Python312\\site-packages\\pydantic_core\\__init__.py\", line 6, in <module>\n    from ._pydantic_core import (\nImportError: DLL load failed while importing _pydantic_core: The handle is invalid.\n"
    },
    "frontend": {
      "status": "failed",
      "duration": 0.1517946720123291,
      "exit_code": 2,
      "output": "\nusage: test_frontend.py [-h]\n                        [--category {unit,integration,components,hooks,store,websocket,auth,e2e,smoke}]\n                        [--keyword KEYWORD] [--e2e] [--cypress-open] [--watch]\n                        [--coverage] [--update-snapshots] [--lint] [--fix]\n                        [--type-check] [--build] [--check-deps]\n                        [--install-deps] [--verbose] [--isolation]\n                        [tests ...]\ntest_frontend.py: error: unrecognized arguments: --testPathPattern=unit\n"
    },
    "overall": {
      "status": "failed",
      "start_time": 1754920498.971352,
      "end_time": 1754920502.4966307
    }
  },
  "summary": {
    "total_duration": 3.5252785682678223,
    "overall_passed": false,
    "exit_code": 2
  }
}